[0.153s] DEBUG:colcon:Command line arguments: ['/home/eplanson/.local/bin/colcon', 'build', '--packages-select', 'my_robot']
[0.153s] DEBUG:colcon:Parsed command line arguments: Namespace(log_base=None, log_level=None, verb_name='build', build_base='build', install_base='install', merge_install=False, symlink_install=False, test_result_base=None, continue_on_error=False, executor='parallel', parallel_workers=12, event_handlers=None, ignore_user_meta=False, metas=['./colcon.meta'], base_paths=['.'], packages_ignore=None, packages_ignore_regex=None, paths=None, packages_up_to=None, packages_up_to_regex=None, packages_above=None, packages_above_and_dependencies=None, packages_above_depth=None, packages_select_by_dep=None, packages_skip_by_dep=None, packages_skip_up_to=None, packages_select_build_failed=False, packages_skip_build_finished=False, packages_select_test_failures=False, packages_skip_test_passed=False, packages_select=['my_robot'], packages_skip=None, packages_select_regex=None, packages_skip_regex=None, packages_start=None, packages_end=None, cmake_args=None, cmake_target=None, cmake_target_skip_unavailable=False, cmake_clean_cache=False, cmake_clean_first=False, cmake_force_configure=False, ament_cmake_args=None, catkin_cmake_args=None, catkin_skip_building_tests=False, verb_parser=<colcon_defaults.argument_parser.defaults.DefaultArgumentsDecorator object at 0x719e9ca7d460>, verb_extension=<colcon_core.verb.build.BuildVerb object at 0x719e9d856540>, main=<bound method BuildVerb.main of <colcon_core.verb.build.BuildVerb object at 0x719e9d856540>>)
[0.189s] Level 1:colcon.colcon_core.package_discovery:discover_packages(colcon_meta) check parameters
[0.189s] Level 1:colcon.colcon_core.package_discovery:discover_packages(recursive) check parameters
[0.189s] Level 1:colcon.colcon_core.package_discovery:discover_packages(ignore) check parameters
[0.189s] Level 1:colcon.colcon_core.package_discovery:discover_packages(path) check parameters
[0.189s] Level 1:colcon.colcon_core.package_discovery:discover_packages(colcon_meta) discover
[0.190s] Level 1:colcon.colcon_core.package_discovery:discover_packages(recursive) discover
[0.190s] INFO:colcon.colcon_core.package_discovery:Crawling recursively for packages in '/home/eplanson/Documents/franka-data-acquisition/ros2_ws'
[0.190s] Level 1:colcon.colcon_core.package_identification:_identify(.) by extensions ['ignore', 'ignore_ament_install']
[0.190s] Level 1:colcon.colcon_core.package_identification:_identify(.) by extension 'ignore'
[0.190s] Level 1:colcon.colcon_core.package_identification:_identify(.) by extension 'ignore_ament_install'
[0.190s] Level 1:colcon.colcon_core.package_identification:_identify(.) by extensions ['colcon_pkg']
[0.190s] Level 1:colcon.colcon_core.package_identification:_identify(.) by extension 'colcon_pkg'
[0.190s] Level 1:colcon.colcon_core.package_identification:_identify(.) by extensions ['colcon_meta']
[0.190s] Level 1:colcon.colcon_core.package_identification:_identify(.) by extension 'colcon_meta'
[0.190s] Level 1:colcon.colcon_core.package_identification:_identify(.) by extensions ['ros']
[0.190s] Level 1:colcon.colcon_core.package_identification:_identify(.) by extension 'ros'
[0.212s] Level 1:colcon.colcon_core.package_identification:_identify(.) by extensions ['cmake', 'python']
[0.212s] Level 1:colcon.colcon_core.package_identification:_identify(.) by extension 'cmake'
[0.212s] Level 1:colcon.colcon_core.package_identification:_identify(.) by extension 'python'
[0.212s] Level 1:colcon.colcon_core.package_identification:_identify(.) by extensions ['python_setup_py']
[0.212s] Level 1:colcon.colcon_core.package_identification:_identify(.) by extension 'python_setup_py'
[0.212s] Level 1:colcon.colcon_core.package_identification:_identify(build) by extensions ['ignore', 'ignore_ament_install']
[0.212s] Level 1:colcon.colcon_core.package_identification:_identify(build) by extension 'ignore'
[0.212s] Level 1:colcon.colcon_core.package_identification:_identify(build) ignored
[0.212s] Level 1:colcon.colcon_core.package_identification:_identify(install) by extensions ['ignore', 'ignore_ament_install']
[0.213s] Level 1:colcon.colcon_core.package_identification:_identify(install) by extension 'ignore'
[0.213s] Level 1:colcon.colcon_core.package_identification:_identify(install) ignored
[0.213s] Level 1:colcon.colcon_core.package_identification:_identify(log) by extensions ['ignore', 'ignore_ament_install']
[0.213s] Level 1:colcon.colcon_core.package_identification:_identify(log) by extension 'ignore'
[0.213s] Level 1:colcon.colcon_core.package_identification:_identify(log) ignored
[0.213s] Level 1:colcon.colcon_core.package_identification:_identify(src) by extensions ['ignore', 'ignore_ament_install']
[0.213s] Level 1:colcon.colcon_core.package_identification:_identify(src) by extension 'ignore'
[0.213s] Level 1:colcon.colcon_core.package_identification:_identify(src) by extension 'ignore_ament_install'
[0.213s] Level 1:colcon.colcon_core.package_identification:_identify(src) by extensions ['colcon_pkg']
[0.213s] Level 1:colcon.colcon_core.package_identification:_identify(src) by extension 'colcon_pkg'
[0.213s] Level 1:colcon.colcon_core.package_identification:_identify(src) by extensions ['colcon_meta']
[0.213s] Level 1:colcon.colcon_core.package_identification:_identify(src) by extension 'colcon_meta'
[0.213s] Level 1:colcon.colcon_core.package_identification:_identify(src) by extensions ['ros']
[0.213s] Level 1:colcon.colcon_core.package_identification:_identify(src) by extension 'ros'
[0.213s] Level 1:colcon.colcon_core.package_identification:_identify(src) by extensions ['cmake', 'python']
[0.213s] Level 1:colcon.colcon_core.package_identification:_identify(src) by extension 'cmake'
[0.213s] Level 1:colcon.colcon_core.package_identification:_identify(src) by extension 'python'
[0.213s] Level 1:colcon.colcon_core.package_identification:_identify(src) by extensions ['python_setup_py']
[0.213s] Level 1:colcon.colcon_core.package_identification:_identify(src) by extension 'python_setup_py'
[0.213s] Level 1:colcon.colcon_core.package_identification:_identify(src/launch) by extensions ['ignore', 'ignore_ament_install']
[0.213s] Level 1:colcon.colcon_core.package_identification:_identify(src/launch) by extension 'ignore'
[0.214s] Level 1:colcon.colcon_core.package_identification:_identify(src/launch) by extension 'ignore_ament_install'
[0.214s] Level 1:colcon.colcon_core.package_identification:_identify(src/launch) by extensions ['colcon_pkg']
[0.214s] Level 1:colcon.colcon_core.package_identification:_identify(src/launch) by extension 'colcon_pkg'
[0.214s] Level 1:colcon.colcon_core.package_identification:_identify(src/launch) by extensions ['colcon_meta']
[0.214s] Level 1:colcon.colcon_core.package_identification:_identify(src/launch) by extension 'colcon_meta'
[0.214s] Level 1:colcon.colcon_core.package_identification:_identify(src/launch) by extensions ['ros']
[0.214s] Level 1:colcon.colcon_core.package_identification:_identify(src/launch) by extension 'ros'
[0.214s] Level 1:colcon.colcon_core.package_identification:_identify(src/launch) by extensions ['cmake', 'python']
[0.214s] Level 1:colcon.colcon_core.package_identification:_identify(src/launch) by extension 'cmake'
[0.214s] Level 1:colcon.colcon_core.package_identification:_identify(src/launch) by extension 'python'
[0.214s] Level 1:colcon.colcon_core.package_identification:_identify(src/launch) by extensions ['python_setup_py']
[0.214s] Level 1:colcon.colcon_core.package_identification:_identify(src/launch) by extension 'python_setup_py'
[0.214s] Level 1:colcon.colcon_core.package_identification:_identify(src/my_robot) by extensions ['ignore', 'ignore_ament_install']
[0.214s] Level 1:colcon.colcon_core.package_identification:_identify(src/my_robot) by extension 'ignore'
[0.214s] Level 1:colcon.colcon_core.package_identification:_identify(src/my_robot) by extension 'ignore_ament_install'
[0.214s] Level 1:colcon.colcon_core.package_identification:_identify(src/my_robot) by extensions ['colcon_pkg']
[0.214s] Level 1:colcon.colcon_core.package_identification:_identify(src/my_robot) by extension 'colcon_pkg'
[0.214s] Level 1:colcon.colcon_core.package_identification:_identify(src/my_robot) by extensions ['colcon_meta']
[0.214s] Level 1:colcon.colcon_core.package_identification:_identify(src/my_robot) by extension 'colcon_meta'
[0.214s] Level 1:colcon.colcon_core.package_identification:_identify(src/my_robot) by extensions ['ros']
[0.214s] Level 1:colcon.colcon_core.package_identification:_identify(src/my_robot) by extension 'ros'
[0.217s] DEBUG:colcon.colcon_core.package_identification:Package 'src/my_robot' with type 'ros.ament_python' and name 'my_robot'
[0.217s] Level 1:colcon.colcon_core.package_discovery:discover_packages(recursive) using defaults
[0.217s] Level 1:colcon.colcon_core.package_discovery:discover_packages(ignore) discover
[0.217s] Level 1:colcon.colcon_core.package_discovery:discover_packages(ignore) using defaults
[0.217s] Level 1:colcon.colcon_core.package_discovery:discover_packages(path) discover
[0.217s] Level 1:colcon.colcon_core.package_discovery:discover_packages(path) using defaults
[0.233s] Level 5:colcon.colcon_core.verb:set package 'my_robot' build argument 'cmake_args' from command line to 'None'
[0.233s] Level 5:colcon.colcon_core.verb:set package 'my_robot' build argument 'cmake_target' from command line to 'None'
[0.233s] Level 5:colcon.colcon_core.verb:set package 'my_robot' build argument 'cmake_target_skip_unavailable' from command line to 'False'
[0.233s] Level 5:colcon.colcon_core.verb:set package 'my_robot' build argument 'cmake_clean_cache' from command line to 'False'
[0.233s] Level 5:colcon.colcon_core.verb:set package 'my_robot' build argument 'cmake_clean_first' from command line to 'False'
[0.233s] Level 5:colcon.colcon_core.verb:set package 'my_robot' build argument 'cmake_force_configure' from command line to 'False'
[0.233s] Level 5:colcon.colcon_core.verb:set package 'my_robot' build argument 'ament_cmake_args' from command line to 'None'
[0.233s] Level 5:colcon.colcon_core.verb:set package 'my_robot' build argument 'catkin_cmake_args' from command line to 'None'
[0.233s] Level 5:colcon.colcon_core.verb:set package 'my_robot' build argument 'catkin_skip_building_tests' from command line to 'False'
[0.233s] DEBUG:colcon.colcon_core.verb:Building package 'my_robot' with the following arguments: {'ament_cmake_args': None, 'build_base': '/home/eplanson/Documents/franka-data-acquisition/ros2_ws/build/my_robot', 'catkin_cmake_args': None, 'catkin_skip_building_tests': False, 'cmake_args': None, 'cmake_clean_cache': False, 'cmake_clean_first': False, 'cmake_force_configure': False, 'cmake_target': None, 'cmake_target_skip_unavailable': False, 'install_base': '/home/eplanson/Documents/franka-data-acquisition/ros2_ws/install/my_robot', 'merge_install': False, 'path': '/home/eplanson/Documents/franka-data-acquisition/ros2_ws/src/my_robot', 'symlink_install': False, 'test_result_base': None}
[0.233s] INFO:colcon.colcon_core.executor:Executing jobs using 'parallel' executor
[0.234s] DEBUG:colcon.colcon_parallel_executor.executor.parallel:run_until_complete
[0.234s] INFO:colcon.colcon_ros.task.ament_python.build:Building ROS package in '/home/eplanson/Documents/franka-data-acquisition/ros2_ws/src/my_robot' with build type 'ament_python'
[0.235s] Level 1:colcon.colcon_core.shell:create_environment_hook('my_robot', 'ament_prefix_path')
[0.237s] INFO:colcon.colcon_core.plugin_system:Skipping extension 'colcon_core.shell.bat': Not used on non-Windows systems
[0.237s] INFO:colcon.colcon_core.shell:Creating environment hook '/home/eplanson/Documents/franka-data-acquisition/ros2_ws/install/my_robot/share/my_robot/hook/ament_prefix_path.ps1'
[0.238s] INFO:colcon.colcon_core.shell:Creating environment descriptor '/home/eplanson/Documents/franka-data-acquisition/ros2_ws/install/my_robot/share/my_robot/hook/ament_prefix_path.dsv'
[0.238s] INFO:colcon.colcon_core.shell:Creating environment hook '/home/eplanson/Documents/franka-data-acquisition/ros2_ws/install/my_robot/share/my_robot/hook/ament_prefix_path.sh'
[0.239s] INFO:colcon.colcon_core.shell:Skip shell extension 'powershell' for command environment: Not usable outside of PowerShell
[0.239s] DEBUG:colcon.colcon_core.shell:Skip shell extension 'dsv' for command environment
[0.470s] WARNING:colcon.colcon_ros.task.ament_python.build:Package 'my_robot' doesn't explicitly install a marker in the package index (colcon-ros currently does it implicitly but that fallback will be removed in the future)
[0.470s] WARNING:colcon.colcon_ros.task.ament_python.build:Package 'my_robot' doesn't explicitly install the 'package.xml' file (colcon-ros currently does it implicitly but that fallback will be removed in the future)
[0.470s] INFO:colcon.colcon_core.task.python.build:Building Python package in '/home/eplanson/Documents/franka-data-acquisition/ros2_ws/src/my_robot'
[0.470s] INFO:colcon.colcon_core.shell:Skip shell extension 'powershell' for command environment: Not usable outside of PowerShell
[0.470s] DEBUG:colcon.colcon_core.shell:Skip shell extension 'dsv' for command environment
[1.104s] DEBUG:colcon.colcon_core.event_handler.log_command:Invoking command in '/home/eplanson/Documents/franka-data-acquisition/ros2_ws/src/my_robot': DEBUGINFOD_URLS=https://debuginfod.ubuntu.com PYTHONPATH=/home/eplanson/Documents/franka-data-acquisition/ros2_ws/build/my_robot/prefix_override:/home/eplanson/.local/lib/python3.12/site-packages/colcon_core/task/python/colcon_distutils_commands:/home/eplanson/Documents/franka-data-acquisition/ros2_ws/install/my_robot/lib/python3.12/site-packages:${PYTHONPATH} /usr/bin/python3 -W ignore:setup.py install is deprecated -W ignore:easy_install command is deprecated setup.py egg_info --egg-base ../../build/my_robot build --build-base /home/eplanson/Documents/franka-data-acquisition/ros2_ws/build/my_robot/build install --record /home/eplanson/Documents/franka-data-acquisition/ros2_ws/build/my_robot/install.log --single-version-externally-managed
[1.654s] DEBUG:colcon.colcon_core.event_handler.log_command:Invoked command in '/home/eplanson/Documents/franka-data-acquisition/ros2_ws/src/my_robot' returned '0': DEBUGINFOD_URLS=https://debuginfod.ubuntu.com PYTHONPATH=/home/eplanson/Documents/franka-data-acquisition/ros2_ws/build/my_robot/prefix_override:/home/eplanson/.local/lib/python3.12/site-packages/colcon_core/task/python/colcon_distutils_commands:/home/eplanson/Documents/franka-data-acquisition/ros2_ws/install/my_robot/lib/python3.12/site-packages:${PYTHONPATH} /usr/bin/python3 -W ignore:setup.py install is deprecated -W ignore:easy_install command is deprecated setup.py egg_info --egg-base ../../build/my_robot build --build-base /home/eplanson/Documents/franka-data-acquisition/ros2_ws/build/my_robot/build install --record /home/eplanson/Documents/franka-data-acquisition/ros2_ws/build/my_robot/install.log --single-version-externally-managed
[1.655s] Level 1:colcon.colcon_core.environment:checking '/home/eplanson/Documents/franka-data-acquisition/ros2_ws/install/my_robot' for CMake module files
[1.656s] Level 1:colcon.colcon_core.environment:checking '/home/eplanson/Documents/franka-data-acquisition/ros2_ws/install/my_robot' for CMake config files
[1.656s] Level 1:colcon.colcon_core.environment:checking '/home/eplanson/Documents/franka-data-acquisition/ros2_ws/install/my_robot/lib'
[1.656s] Level 1:colcon.colcon_core.environment:checking '/home/eplanson/Documents/franka-data-acquisition/ros2_ws/install/my_robot/bin'
[1.656s] Level 1:colcon.colcon_core.shell:create_environment_hook('my_robot', 'path')
[1.657s] INFO:colcon.colcon_core.shell:Creating environment hook '/home/eplanson/Documents/franka-data-acquisition/ros2_ws/install/my_robot/share/my_robot/hook/path.ps1'
[1.657s] INFO:colcon.colcon_core.shell:Creating environment descriptor '/home/eplanson/Documents/franka-data-acquisition/ros2_ws/install/my_robot/share/my_robot/hook/path.dsv'
[1.657s] INFO:colcon.colcon_core.shell:Creating environment hook '/home/eplanson/Documents/franka-data-acquisition/ros2_ws/install/my_robot/share/my_robot/hook/path.sh'
[1.658s] Level 1:colcon.colcon_core.environment:checking '/home/eplanson/Documents/franka-data-acquisition/ros2_ws/install/my_robot/lib/pkgconfig/my_robot.pc'
[1.658s] Level 1:colcon.colcon_core.environment:checking '/home/eplanson/Documents/franka-data-acquisition/ros2_ws/install/my_robot/lib/python3.12/site-packages'
[1.658s] Level 1:colcon.colcon_core.shell:create_environment_hook('my_robot', 'pythonpath')
[1.658s] INFO:colcon.colcon_core.shell:Creating environment hook '/home/eplanson/Documents/franka-data-acquisition/ros2_ws/install/my_robot/share/my_robot/hook/pythonpath.ps1'
[1.658s] INFO:colcon.colcon_core.shell:Creating environment descriptor '/home/eplanson/Documents/franka-data-acquisition/ros2_ws/install/my_robot/share/my_robot/hook/pythonpath.dsv'
[1.659s] INFO:colcon.colcon_core.shell:Creating environment hook '/home/eplanson/Documents/franka-data-acquisition/ros2_ws/install/my_robot/share/my_robot/hook/pythonpath.sh'
[1.659s] Level 1:colcon.colcon_core.environment:checking '/home/eplanson/Documents/franka-data-acquisition/ros2_ws/install/my_robot/bin'
[1.659s] Level 1:colcon.colcon_core.shell:create_environment_hook('my_robot', 'pythonscriptspath')
[1.660s] INFO:colcon.colcon_core.shell:Creating environment hook '/home/eplanson/Documents/franka-data-acquisition/ros2_ws/install/my_robot/share/my_robot/hook/pythonscriptspath.ps1'
[1.660s] INFO:colcon.colcon_core.shell:Creating environment descriptor '/home/eplanson/Documents/franka-data-acquisition/ros2_ws/install/my_robot/share/my_robot/hook/pythonscriptspath.dsv'
[1.660s] INFO:colcon.colcon_core.shell:Creating environment hook '/home/eplanson/Documents/franka-data-acquisition/ros2_ws/install/my_robot/share/my_robot/hook/pythonscriptspath.sh'
[1.660s] Level 1:colcon.colcon_core.environment:create_environment_scripts_only(my_robot)
[1.661s] INFO:colcon.colcon_core.shell:Creating package script '/home/eplanson/Documents/franka-data-acquisition/ros2_ws/install/my_robot/share/my_robot/package.ps1'
[1.662s] INFO:colcon.colcon_core.shell:Creating package descriptor '/home/eplanson/Documents/franka-data-acquisition/ros2_ws/install/my_robot/share/my_robot/package.dsv'
[1.662s] INFO:colcon.colcon_core.shell:Creating package script '/home/eplanson/Documents/franka-data-acquisition/ros2_ws/install/my_robot/share/my_robot/package.sh'
[1.663s] INFO:colcon.colcon_core.shell:Creating package script '/home/eplanson/Documents/franka-data-acquisition/ros2_ws/install/my_robot/share/my_robot/package.bash'
[1.663s] INFO:colcon.colcon_core.shell:Creating package script '/home/eplanson/Documents/franka-data-acquisition/ros2_ws/install/my_robot/share/my_robot/package.zsh'
[1.664s] Level 1:colcon.colcon_core.environment:create_file_with_runtime_dependencies(/home/eplanson/Documents/franka-data-acquisition/ros2_ws/install/my_robot/share/colcon-core/packages/my_robot)
[1.664s] DEBUG:colcon.colcon_parallel_executor.executor.parallel:closing loop
[1.665s] DEBUG:colcon.colcon_parallel_executor.executor.parallel:loop closed
[1.665s] DEBUG:colcon.colcon_parallel_executor.executor.parallel:run_until_complete finished with '0'
[1.665s] DEBUG:colcon.colcon_core.event_reactor:joining thread
[1.670s] INFO:colcon.colcon_core.plugin_system:Skipping extension 'colcon_notification.desktop_notification.terminal_notifier': Not used on non-Darwin systems
[1.670s] INFO:colcon.colcon_core.plugin_system:Skipping extension 'colcon_notification.desktop_notification.win32': Not used on non-Windows systems
[1.670s] INFO:colcon.colcon_notification.desktop_notification:Sending desktop notification using 'notify2'
[1.681s] DEBUG:colcon.colcon_core.event_reactor:joined thread
[1.681s] INFO:colcon.colcon_core.shell:Creating prefix script '/home/eplanson/Documents/franka-data-acquisition/ros2_ws/install/local_setup.ps1'
[1.682s] INFO:colcon.colcon_core.shell:Creating prefix util module '/home/eplanson/Documents/franka-data-acquisition/ros2_ws/install/_local_setup_util_ps1.py'
[1.683s] INFO:colcon.colcon_core.shell:Creating prefix chain script '/home/eplanson/Documents/franka-data-acquisition/ros2_ws/install/setup.ps1'
[1.684s] INFO:colcon.colcon_core.shell:Creating prefix script '/home/eplanson/Documents/franka-data-acquisition/ros2_ws/install/local_setup.sh'
[1.684s] INFO:colcon.colcon_core.shell:Creating prefix util module '/home/eplanson/Documents/franka-data-acquisition/ros2_ws/install/_local_setup_util_sh.py'
[1.685s] INFO:colcon.colcon_core.shell:Creating prefix chain script '/home/eplanson/Documents/franka-data-acquisition/ros2_ws/install/setup.sh'
[1.686s] INFO:colcon.colcon_core.shell:Creating prefix script '/home/eplanson/Documents/franka-data-acquisition/ros2_ws/install/local_setup.bash'
[1.686s] INFO:colcon.colcon_core.shell:Creating prefix chain script '/home/eplanson/Documents/franka-data-acquisition/ros2_ws/install/setup.bash'
[1.687s] INFO:colcon.colcon_core.shell:Creating prefix script '/home/eplanson/Documents/franka-data-acquisition/ros2_ws/install/local_setup.zsh'
[1.687s] INFO:colcon.colcon_core.shell:Creating prefix chain script '/home/eplanson/Documents/franka-data-acquisition/ros2_ws/install/setup.zsh'
