running egg_info
writing ../../build/my_robot/my_robot.egg-info/PKG-INFO
writing dependency_links to ../../build/my_robot/my_robot.egg-info/dependency_links.txt
writing entry points to ../../build/my_robot/my_robot.egg-info/entry_points.txt
writing requirements to ../../build/my_robot/my_robot.egg-info/requires.txt
writing top-level names to ../../build/my_robot/my_robot.egg-info/top_level.txt
reading manifest file '../../build/my_robot/my_robot.egg-info/SOURCES.txt'
writing manifest file '../../build/my_robot/my_robot.egg-info/SOURCES.txt'
running build
running build_py
copying my_robot/tactile_node.py -> /home/eplanson/Documents/franka-data-acquisition/ros2_ws/build/my_robot/build/lib/my_robot
running install
running install_lib
copying /home/eplanson/Documents/franka-data-acquisition/ros2_ws/build/my_robot/build/lib/my_robot/tactile_node.py -> /home/eplanson/Documents/franka-data-acquisition/ros2_ws/install/my_robot/lib/python3.12/site-packages/my_robot
byte-compiling /home/eplanson/Documents/franka-data-acquisition/ros2_ws/install/my_robot/lib/python3.12/site-packages/my_robot/tactile_node.py to tactile_node.cpython-312.pyc
running install_egg_info
removing '/home/eplanson/Documents/franka-data-acquisition/ros2_ws/install/my_robot/lib/python3.12/site-packages/my_robot-0.1.0-py3.12.egg-info' (and everything under it)
Copying ../../build/my_robot/my_robot.egg-info to /home/eplanson/Documents/franka-data-acquisition/ros2_ws/install/my_robot/lib/python3.12/site-packages/my_robot-0.1.0-py3.12.egg-info
running install_scripts
Installing tactile_node script to /home/eplanson/Documents/franka-data-acquisition/ros2_ws/install/my_robot/bin
writing list of installed files to '/home/eplanson/Documents/franka-data-acquisition/ros2_ws/build/my_robot/install.log'
